[2018-11-27 17:18:13.326] [exthost1] [info] extension host started
[2018-11-27 17:18:13.355] [exthost1] [info] ExtensionService#_doActivateExtension vscode.debug-auto-launch {"startup":true,"activationEvent":"*"}
[2018-11-27 17:18:13.355] [exthost1] [info] ExtensionService#loadCommonJSModule c:\Users\User\.codemix\engine\resources\app\extensions\debug-auto-launch\out\extension
[2018-11-27 17:18:13.620] [exthost1] [info] ExtensionService#_doActivateExtension vscode.emmet {"startup":true,"activationEvent":"*"}
[2018-11-27 17:18:13.620] [exthost1] [info] ExtensionService#loadCommonJSModule c:\Users\User\.codemix\engine\resources\app\extensions\emmet\dist\extension
[2018-11-27 17:18:13.711] [exthost1] [info] ExtensionService#_doActivateExtension vscode.merge-conflict {"startup":true,"activationEvent":"*"}
[2018-11-27 17:18:13.711] [exthost1] [info] ExtensionService#loadCommonJSModule c:\Users\User\.codemix\engine\resources\app\extensions\merge-conflict\out\extension
[2018-11-27 17:18:15.514] [exthost1] [info] ExtensionService#_doActivateExtension vscode.search-rg {"startup":true,"activationEvent":"*"}
[2018-11-27 17:18:15.514] [exthost1] [info] ExtensionService#loadCommonJSModule c:\Users\User\.codemix\engine\resources\app\extensions\search-rg\out\extension
[2018-11-27 17:18:16.236] [exthost1] [info] eager extensions activated
[2018-11-27 17:18:16.239] [exthost1] [info] ExtensionService#_doActivateExtension vscode.configuration-editing {"startup":false,"activationEvent":"onLanguage:jsonc"}
[2018-11-27 17:18:16.239] [exthost1] [info] ExtensionService#loadCommonJSModule c:\Users\User\.codemix\engine\resources\app\extensions\configuration-editing\out\extension
[2018-11-27 17:18:16.934] [exthost1] [info] ExtensionService#_doActivateExtension vscode.json-language-features {"startup":false,"activationEvent":"onLanguage:jsonc"}
[2018-11-27 17:18:16.934] [exthost1] [info] ExtensionService#loadCommonJSModule c:\Users\User\.codemix\engine\resources\app\extensions\json-language-features\client\dist\jsonMain
[2018-11-27 17:18:22.858] [exthost1] [info] ExtensionService#_doActivateExtension vscode.typescript-language-features {"startup":false,"activationEvent":"onLanguage:jsonc"}
[2018-11-27 17:18:22.858] [exthost1] [info] ExtensionService#loadCommonJSModule c:\Users\User\.codemix\engine\resources\app\extensions\typescript-language-features\dist\extension
[2018-11-27 17:18:24.827] [exthost1] [info] ExtensionService#_doActivateExtension vscode.grunt {"startup":false,"activationEvent":"onCommand:workbench.action.tasks.runTask"}
[2018-11-27 17:18:24.827] [exthost1] [info] ExtensionService#loadCommonJSModule c:\Users\User\.codemix\engine\resources\app\extensions\grunt\out\main
[2018-11-27 17:18:24.917] [exthost1] [info] ExtensionService#_doActivateExtension vscode.gulp {"startup":false,"activationEvent":"onCommand:workbench.action.tasks.runTask"}
[2018-11-27 17:18:24.917] [exthost1] [info] ExtensionService#loadCommonJSModule c:\Users\User\.codemix\engine\resources\app\extensions\gulp\out\main
[2018-11-27 17:18:25.107] [exthost1] [info] ExtensionService#_doActivateExtension vscode.jake {"startup":false,"activationEvent":"onCommand:workbench.action.tasks.runTask"}
[2018-11-27 17:18:25.107] [exthost1] [info] ExtensionService#loadCommonJSModule c:\Users\User\.codemix\engine\resources\app\extensions\jake\out\main
[2018-11-27 17:18:25.343] [exthost1] [info] ExtensionService#_doActivateExtension vscode.npm {"startup":false,"activationEvent":"onCommand:workbench.action.tasks.runTask"}
[2018-11-27 17:18:25.343] [exthost1] [info] ExtensionService#loadCommonJSModule c:\Users\User\.codemix\engine\resources\app\extensions\npm\out\main
