[2018-11-23 16:38:52.830] [exthost1] [info] extension host started
[2018-11-23 16:38:52.857] [exthost1] [info] ExtensionService#_doActivateExtension vscode.debug-auto-launch {"startup":true,"activationEvent":"*"}
[2018-11-23 16:38:52.857] [exthost1] [info] ExtensionService#loadCommonJSModule c:\Users\User\.codemix\engine\resources\app\extensions\debug-auto-launch\out\extension
[2018-11-23 16:38:53.131] [exthost1] [info] ExtensionService#_doActivateExtension vscode.emmet {"startup":true,"activationEvent":"*"}
[2018-11-23 16:38:53.131] [exthost1] [info] ExtensionService#loadCommonJSModule c:\Users\User\.codemix\engine\resources\app\extensions\emmet\dist\extension
[2018-11-23 16:38:53.256] [exthost1] [info] ExtensionService#_doActivateExtension vscode.merge-conflict {"startup":true,"activationEvent":"*"}
[2018-11-23 16:38:53.256] [exthost1] [info] ExtensionService#loadCommonJSModule c:\Users\User\.codemix\engine\resources\app\extensions\merge-conflict\out\extension
[2018-11-23 16:38:53.774] [exthost1] [info] ExtensionService#_doActivateExtension vscode.search-rg {"startup":true,"activationEvent":"*"}
[2018-11-23 16:38:53.774] [exthost1] [info] ExtensionService#loadCommonJSModule c:\Users\User\.codemix\engine\resources\app\extensions\search-rg\out\extension
[2018-11-23 16:38:54.000] [exthost1] [info] eager extensions activated
[2018-11-23 16:38:54.002] [exthost1] [info] ExtensionService#_doActivateExtension vscode.configuration-editing {"startup":false,"activationEvent":"onLanguage:jsonc"}
[2018-11-23 16:38:54.002] [exthost1] [info] ExtensionService#loadCommonJSModule c:\Users\User\.codemix\engine\resources\app\extensions\configuration-editing\out\extension
[2018-11-23 16:38:54.248] [exthost1] [info] ExtensionService#_doActivateExtension vscode.json-language-features {"startup":false,"activationEvent":"onLanguage:jsonc"}
[2018-11-23 16:38:54.248] [exthost1] [info] ExtensionService#loadCommonJSModule c:\Users\User\.codemix\engine\resources\app\extensions\json-language-features\client\dist\jsonMain
[2018-11-23 16:38:56.796] [exthost1] [info] ExtensionService#_doActivateExtension vscode.typescript-language-features {"startup":false,"activationEvent":"onLanguage:jsonc"}
[2018-11-23 16:38:56.796] [exthost1] [info] ExtensionService#loadCommonJSModule c:\Users\User\.codemix\engine\resources\app\extensions\typescript-language-features\dist\extension
[2018-11-23 16:39:00.503] [exthost1] [info] ExtensionService#_doActivateExtension vscode.grunt {"startup":false,"activationEvent":"onCommand:workbench.action.tasks.runTask"}
[2018-11-23 16:39:00.503] [exthost1] [info] ExtensionService#loadCommonJSModule c:\Users\User\.codemix\engine\resources\app\extensions\grunt\out\main
[2018-11-23 16:39:00.532] [exthost1] [info] ExtensionService#_doActivateExtension vscode.gulp {"startup":false,"activationEvent":"onCommand:workbench.action.tasks.runTask"}
[2018-11-23 16:39:00.532] [exthost1] [info] ExtensionService#loadCommonJSModule c:\Users\User\.codemix\engine\resources\app\extensions\gulp\out\main
[2018-11-23 16:39:00.630] [exthost1] [info] ExtensionService#_doActivateExtension vscode.jake {"startup":false,"activationEvent":"onCommand:workbench.action.tasks.runTask"}
[2018-11-23 16:39:00.630] [exthost1] [info] ExtensionService#loadCommonJSModule c:\Users\User\.codemix\engine\resources\app\extensions\jake\out\main
[2018-11-23 16:39:00.735] [exthost1] [info] ExtensionService#_doActivateExtension vscode.npm {"startup":false,"activationEvent":"onCommand:workbench.action.tasks.runTask"}
[2018-11-23 16:39:00.735] [exthost1] [info] ExtensionService#loadCommonJSModule c:\Users\User\.codemix\engine\resources\app\extensions\npm\out\main
