Error: The typescript task detection didn't contribute a task for the following configuration:
{
    "type": "typescript",
    "tsconfig": "spring\\tsconfig.json",
    "problemMatcher": [
        "$tsc"
    ],
    "codemix": {
        "lifecycle": "build",
        "validatedExtensions": [
            "ts"
        ],
        "readyChecks": [
            "node_modules_ready"
        ]
    }
}
The task will be ignored.
Error: The typescript task detection didn't contribute a task for the following configuration:
{
    "type": "typescript",
    "tsconfig": "spring\\tsconfig.json",
    "option": "watch",
    "problemMatcher": [
        "$tsc-watch"
    ],
    "codemix": {
        "lifecycle": "watch",
        "validatedExtensions": [
            "ts"
        ],
        "readyChecks": [
            "node_modules_ready"
        ]
    }
}
The task will be ignored.
Error: The typescript task detection didn't contribute a task for the following configuration:
{
    "type": "typescript",
    "tsconfig": "spring\\tsconfig.json",
    "problemMatcher": [
        "$tsc"
    ],
    "codemix": {
        "lifecycle": "build",
        "validatedExtensions": [
            "ts"
        ],
        "readyChecks": [
            "node_modules_ready"
        ]
    }
}
The task will be ignored.
Error: The typescript task detection didn't contribute a task for the following configuration:
{
    "type": "typescript",
    "tsconfig": "spring\\tsconfig.json",
    "option": "watch",
    "problemMatcher": [
        "$tsc-watch"
    ],
    "codemix": {
        "lifecycle": "watch",
        "validatedExtensions": [
            "ts"
        ],
        "readyChecks": [
            "node_modules_ready"
        ]
    }
}
The task will be ignored.
Error: The typescript task detection didn't contribute a task for the following configuration:
{
    "type": "typescript",
    "tsconfig": "spring\\tsconfig.json",
    "problemMatcher": [
        "$tsc"
    ],
    "codemix": {
        "lifecycle": "build",
        "validatedExtensions": [
            "ts"
        ],
        "readyChecks": [
            "node_modules_ready"
        ]
    }
}
The task will be ignored.
Error: The typescript task detection didn't contribute a task for the following configuration:
{
    "type": "typescript",
    "tsconfig": "spring\\tsconfig.json",
    "option": "watch",
    "problemMatcher": [
        "$tsc-watch"
    ],
    "codemix": {
        "lifecycle": "watch",
        "validatedExtensions": [
            "ts"
        ],
        "readyChecks": [
            "node_modules_ready"
        ]
    }
}
The task will be ignored.
Error: The typescript task detection didn't contribute a task for the following configuration:
{
    "type": "typescript",
    "tsconfig": "spring\\tsconfig.json",
    "problemMatcher": [
        "$tsc"
    ],
    "codemix": {
        "lifecycle": "build",
        "validatedExtensions": [
            "ts"
        ],
        "readyChecks": [
            "node_modules_ready"
        ]
    }
}
The task will be ignored.
Error: The typescript task detection didn't contribute a task for the following configuration:
{
    "type": "typescript",
    "tsconfig": "spring\\tsconfig.json",
    "option": "watch",
    "problemMatcher": [
        "$tsc-watch"
    ],
    "codemix": {
        "lifecycle": "watch",
        "validatedExtensions": [
            "ts"
        ],
        "readyChecks": [
            "node_modules_ready"
        ]
    }
}
The task will be ignored.
Error: The typescript task detection didn't contribute a task for the following configuration:
{
    "type": "typescript",
    "tsconfig": "demo\\tsconfig.json",
    "problemMatcher": [
        "$tsc"
    ],
    "codemix": {
        "lifecycle": "build",
        "validatedExtensions": [
            "ts"
        ],
        "readyChecks": [
            "node_modules_ready"
        ]
    }
}
The task will be ignored.
Error: The typescript task detection didn't contribute a task for the following configuration:
{
    "type": "typescript",
    "tsconfig": "demo\\tsconfig.json",
    "option": "watch",
    "problemMatcher": [
        "$tsc-watch"
    ],
    "codemix": {
        "lifecycle": "watch",
        "validatedExtensions": [
            "ts"
        ],
        "readyChecks": [
            "node_modules_ready"
        ]
    }
}
The task will be ignored.
Error: The typescript task detection didn't contribute a task for the following configuration:
{
    "type": "typescript",
    "tsconfig": "sam\\tsconfig.json",
    "problemMatcher": [
        "$tsc"
    ],
    "codemix": {
        "lifecycle": "build",
        "validatedExtensions": [
            "ts"
        ],
        "readyChecks": [
            "node_modules_ready"
        ]
    }
}
The task will be ignored.
Error: The typescript task detection didn't contribute a task for the following configuration:
{
    "type": "typescript",
    "tsconfig": "sam\\tsconfig.json",
    "option": "watch",
    "problemMatcher": [
        "$tsc-watch"
    ],
    "codemix": {
        "lifecycle": "watch",
        "validatedExtensions": [
            "ts"
        ],
        "readyChecks": [
            "node_modules_ready"
        ]
    }
}
The task will be ignored.
Error: The typescript task detection didn't contribute a task for the following configuration:
{
    "type": "typescript",
    "tsconfig": "spring\\tsconfig.json",
    "problemMatcher": [
        "$tsc"
    ],
    "codemix": {
        "lifecycle": "build",
        "validatedExtensions": [
            "ts"
        ],
        "readyChecks": [
            "node_modules_ready"
        ]
    }
}
The task will be ignored.
Error: The typescript task detection didn't contribute a task for the following configuration:
{
    "type": "typescript",
    "tsconfig": "spring\\tsconfig.json",
    "option": "watch",
    "problemMatcher": [
        "$tsc-watch"
    ],
    "codemix": {
        "lifecycle": "watch",
        "validatedExtensions": [
            "ts"
        ],
        "readyChecks": [
            "node_modules_ready"
        ]
    }
}
The task will be ignored.
Error: The typescript task detection didn't contribute a task for the following configuration:
{
    "type": "typescript",
    "tsconfig": "demo\\tsconfig.json",
    "problemMatcher": [
        "$tsc"
    ],
    "codemix": {
        "lifecycle": "build",
        "validatedExtensions": [
            "ts"
        ],
        "readyChecks": [
            "node_modules_ready"
        ]
    }
}
The task will be ignored.
Error: The typescript task detection didn't contribute a task for the following configuration:
{
    "type": "typescript",
    "tsconfig": "demo\\tsconfig.json",
    "option": "watch",
    "problemMatcher": [
        "$tsc-watch"
    ],
    "codemix": {
        "lifecycle": "watch",
        "validatedExtensions": [
            "ts"
        ],
        "readyChecks": [
            "node_modules_ready"
        ]
    }
}
The task will be ignored.
Error: The typescript task detection didn't contribute a task for the following configuration:
{
    "type": "typescript",
    "tsconfig": "sam\\tsconfig.json",
    "problemMatcher": [
        "$tsc"
    ],
    "codemix": {
        "lifecycle": "build",
        "validatedExtensions": [
            "ts"
        ],
        "readyChecks": [
            "node_modules_ready"
        ]
    }
}
The task will be ignored.
Error: The typescript task detection didn't contribute a task for the following configuration:
{
    "type": "typescript",
    "tsconfig": "sam\\tsconfig.json",
    "option": "watch",
    "problemMatcher": [
        "$tsc-watch"
    ],
    "codemix": {
        "lifecycle": "watch",
        "validatedExtensions": [
            "ts"
        ],
        "readyChecks": [
            "node_modules_ready"
        ]
    }
}
The task will be ignored.
Error: The typescript task detection didn't contribute a task for the following configuration:
{
    "type": "typescript",
    "tsconfig": "spring\\tsconfig.json",
    "problemMatcher": [
        "$tsc"
    ],
    "codemix": {
        "lifecycle": "build",
        "validatedExtensions": [
            "ts"
        ],
        "readyChecks": [
            "node_modules_ready"
        ]
    }
}
The task will be ignored.
Error: The typescript task detection didn't contribute a task for the following configuration:
{
    "type": "typescript",
    "tsconfig": "spring\\tsconfig.json",
    "option": "watch",
    "problemMatcher": [
        "$tsc-watch"
    ],
    "codemix": {
        "lifecycle": "watch",
        "validatedExtensions": [
            "ts"
        ],
        "readyChecks": [
            "node_modules_ready"
        ]
    }
}
The task will be ignored.
Error: The typescript task detection didn't contribute a task for the following configuration:
{
    "type": "typescript",
    "tsconfig": "demo\\tsconfig.json",
    "problemMatcher": [
        "$tsc"
    ],
    "codemix": {
        "lifecycle": "build",
        "validatedExtensions": [
            "ts"
        ],
        "readyChecks": [
            "node_modules_ready"
        ]
    }
}
The task will be ignored.
Error: The typescript task detection didn't contribute a task for the following configuration:
{
    "type": "typescript",
    "tsconfig": "demo\\tsconfig.json",
    "option": "watch",
    "problemMatcher": [
        "$tsc-watch"
    ],
    "codemix": {
        "lifecycle": "watch",
        "validatedExtensions": [
            "ts"
        ],
        "readyChecks": [
            "node_modules_ready"
        ]
    }
}
The task will be ignored.
Error: The typescript task detection didn't contribute a task for the following configuration:
{
    "type": "typescript",
    "tsconfig": "sam\\tsconfig.json",
    "problemMatcher": [
        "$tsc"
    ],
    "codemix": {
        "lifecycle": "build",
        "validatedExtensions": [
            "ts"
        ],
        "readyChecks": [
            "node_modules_ready"
        ]
    }
}
The task will be ignored.
Error: The typescript task detection didn't contribute a task for the following configuration:
{
    "type": "typescript",
    "tsconfig": "sam\\tsconfig.json",
    "option": "watch",
    "problemMatcher": [
        "$tsc-watch"
    ],
    "codemix": {
        "lifecycle": "watch",
        "validatedExtensions": [
            "ts"
        ],
        "readyChecks": [
            "node_modules_ready"
        ]
    }
}
The task will be ignored.
Error: The typescript task detection didn't contribute a task for the following configuration:
{
    "type": "typescript",
    "tsconfig": "spring\\tsconfig.json",
    "problemMatcher": [
        "$tsc"
    ],
    "codemix": {
        "lifecycle": "build",
        "validatedExtensions": [
            "ts"
        ],
        "readyChecks": [
            "node_modules_ready"
        ]
    }
}
The task will be ignored.
Error: The typescript task detection didn't contribute a task for the following configuration:
{
    "type": "typescript",
    "tsconfig": "spring\\tsconfig.json",
    "option": "watch",
    "problemMatcher": [
        "$tsc-watch"
    ],
    "codemix": {
        "lifecycle": "watch",
        "validatedExtensions": [
            "ts"
        ],
        "readyChecks": [
            "node_modules_ready"
        ]
    }
}
The task will be ignored.
Error: The typescript task detection didn't contribute a task for the following configuration:
{
    "type": "typescript",
    "tsconfig": "demo\\tsconfig.json",
    "problemMatcher": [
        "$tsc"
    ],
    "codemix": {
        "lifecycle": "build",
        "validatedExtensions": [
            "ts"
        ],
        "readyChecks": [
            "node_modules_ready"
        ]
    }
}
The task will be ignored.
Error: The typescript task detection didn't contribute a task for the following configuration:
{
    "type": "typescript",
    "tsconfig": "demo\\tsconfig.json",
    "option": "watch",
    "problemMatcher": [
        "$tsc-watch"
    ],
    "codemix": {
        "lifecycle": "watch",
        "validatedExtensions": [
            "ts"
        ],
        "readyChecks": [
            "node_modules_ready"
        ]
    }
}
The task will be ignored.
Error: The typescript task detection didn't contribute a task for the following configuration:
{
    "type": "typescript",
    "tsconfig": "sam\\tsconfig.json",
    "problemMatcher": [
        "$tsc"
    ],
    "codemix": {
        "lifecycle": "build",
        "validatedExtensions": [
            "ts"
        ],
        "readyChecks": [
            "node_modules_ready"
        ]
    }
}
The task will be ignored.
Error: The typescript task detection didn't contribute a task for the following configuration:
{
    "type": "typescript",
    "tsconfig": "sam\\tsconfig.json",
    "option": "watch",
    "problemMatcher": [
        "$tsc-watch"
    ],
    "codemix": {
        "lifecycle": "watch",
        "validatedExtensions": [
            "ts"
        ],
        "readyChecks": [
            "node_modules_ready"
        ]
    }
}
The task will be ignored.
Error: The typescript task detection didn't contribute a task for the following configuration:
{
    "type": "typescript",
    "tsconfig": "spring\\tsconfig.json",
    "problemMatcher": [
        "$tsc"
    ],
    "codemix": {
        "lifecycle": "build",
        "validatedExtensions": [
            "ts"
        ],
        "readyChecks": [
            "node_modules_ready"
        ]
    }
}
The task will be ignored.
Error: The typescript task detection didn't contribute a task for the following configuration:
{
    "type": "typescript",
    "tsconfig": "spring\\tsconfig.json",
    "option": "watch",
    "problemMatcher": [
        "$tsc-watch"
    ],
    "codemix": {
        "lifecycle": "watch",
        "validatedExtensions": [
            "ts"
        ],
        "readyChecks": [
            "node_modules_ready"
        ]
    }
}
The task will be ignored.
Error: The typescript task detection didn't contribute a task for the following configuration:
{
    "type": "typescript",
    "tsconfig": "demo\\tsconfig.json",
    "problemMatcher": [
        "$tsc"
    ],
    "codemix": {
        "lifecycle": "build",
        "validatedExtensions": [
            "ts"
        ],
        "readyChecks": [
            "node_modules_ready"
        ]
    }
}
The task will be ignored.
Error: The typescript task detection didn't contribute a task for the following configuration:
{
    "type": "typescript",
    "tsconfig": "demo\\tsconfig.json",
    "option": "watch",
    "problemMatcher": [
        "$tsc-watch"
    ],
    "codemix": {
        "lifecycle": "watch",
        "validatedExtensions": [
            "ts"
        ],
        "readyChecks": [
            "node_modules_ready"
        ]
    }
}
The task will be ignored.
Error: The typescript task detection didn't contribute a task for the following configuration:
{
    "type": "typescript",
    "tsconfig": "sam\\tsconfig.json",
    "problemMatcher": [
        "$tsc"
    ],
    "codemix": {
        "lifecycle": "build",
        "validatedExtensions": [
            "ts"
        ],
        "readyChecks": [
            "node_modules_ready"
        ]
    }
}
The task will be ignored.
Error: The typescript task detection didn't contribute a task for the following configuration:
{
    "type": "typescript",
    "tsconfig": "sam\\tsconfig.json",
    "option": "watch",
    "problemMatcher": [
        "$tsc-watch"
    ],
    "codemix": {
        "lifecycle": "watch",
        "validatedExtensions": [
            "ts"
        ],
        "readyChecks": [
            "node_modules_ready"
        ]
    }
}
The task will be ignored.
Error: The typescript task detection didn't contribute a task for the following configuration:
{
    "type": "typescript",
    "tsconfig": "spring\\tsconfig.json",
    "problemMatcher": [
        "$tsc"
    ],
    "codemix": {
        "lifecycle": "build",
        "validatedExtensions": [
            "ts"
        ],
        "readyChecks": [
            "node_modules_ready"
        ]
    }
}
The task will be ignored.
Error: The typescript task detection didn't contribute a task for the following configuration:
{
    "type": "typescript",
    "tsconfig": "spring\\tsconfig.json",
    "option": "watch",
    "problemMatcher": [
        "$tsc-watch"
    ],
    "codemix": {
        "lifecycle": "watch",
        "validatedExtensions": [
            "ts"
        ],
        "readyChecks": [
            "node_modules_ready"
        ]
    }
}
The task will be ignored.
Error: The typescript task detection didn't contribute a task for the following configuration:
{
    "type": "typescript",
    "tsconfig": "spring\\tsconfig.json",
    "problemMatcher": [
        "$tsc"
    ],
    "codemix": {
        "lifecycle": "build",
        "validatedExtensions": [
            "ts"
        ],
        "readyChecks": [
            "node_modules_ready"
        ]
    }
}
The task will be ignored.
Error: The typescript task detection didn't contribute a task for the following configuration:
{
    "type": "typescript",
    "tsconfig": "spring\\tsconfig.json",
    "option": "watch",
    "problemMatcher": [
        "$tsc-watch"
    ],
    "codemix": {
        "lifecycle": "watch",
        "validatedExtensions": [
            "ts"
        ],
        "readyChecks": [
            "node_modules_ready"
        ]
    }
}
The task will be ignored.
Error: The typescript task detection didn't contribute a task for the following configuration:
{
    "type": "typescript",
    "tsconfig": "spring\\tsconfig.json",
    "problemMatcher": [
        "$tsc"
    ],
    "codemix": {
        "lifecycle": "build",
        "validatedExtensions": [
            "ts"
        ],
        "readyChecks": [
            "node_modules_ready"
        ]
    }
}
The task will be ignored.
Error: The typescript task detection didn't contribute a task for the following configuration:
{
    "type": "typescript",
    "tsconfig": "spring\\tsconfig.json",
    "option": "watch",
    "problemMatcher": [
        "$tsc-watch"
    ],
    "codemix": {
        "lifecycle": "watch",
        "validatedExtensions": [
            "ts"
        ],
        "readyChecks": [
            "node_modules_ready"
        ]
    }
}
The task will be ignored.
Error: The typescript task detection didn't contribute a task for the following configuration:
{
    "type": "typescript",
    "tsconfig": "spring\\tsconfig.json",
    "problemMatcher": [
        "$tsc"
    ],
    "codemix": {
        "lifecycle": "build",
        "validatedExtensions": [
            "ts"
        ],
        "readyChecks": [
            "node_modules_ready"
        ]
    }
}
The task will be ignored.
Error: The typescript task detection didn't contribute a task for the following configuration:
{
    "type": "typescript",
    "tsconfig": "spring\\tsconfig.json",
    "option": "watch",
    "problemMatcher": [
        "$tsc-watch"
    ],
    "codemix": {
        "lifecycle": "watch",
        "validatedExtensions": [
            "ts"
        ],
        "readyChecks": [
            "node_modules_ready"
        ]
    }
}
The task will be ignored.
Error: The typescript task detection didn't contribute a task for the following configuration:
{
    "type": "typescript",
    "tsconfig": "spring\\tsconfig.json",
    "problemMatcher": [
        "$tsc"
    ],
    "codemix": {
        "lifecycle": "build",
        "validatedExtensions": [
            "ts"
        ],
        "readyChecks": [
            "node_modules_ready"
        ]
    }
}
The task will be ignored.
Error: The typescript task detection didn't contribute a task for the following configuration:
{
    "type": "typescript",
    "tsconfig": "spring\\tsconfig.json",
    "option": "watch",
    "problemMatcher": [
        "$tsc-watch"
    ],
    "codemix": {
        "lifecycle": "watch",
        "validatedExtensions": [
            "ts"
        ],
        "readyChecks": [
            "node_modules_ready"
        ]
    }
}
The task will be ignored.
Error: The typescript task detection didn't contribute a task for the following configuration:
{
    "type": "typescript",
    "tsconfig": "spring\\tsconfig.json",
    "problemMatcher": [
        "$tsc"
    ],
    "codemix": {
        "lifecycle": "build",
        "validatedExtensions": [
            "ts"
        ],
        "readyChecks": [
            "node_modules_ready"
        ]
    }
}
The task will be ignored.
Error: The typescript task detection didn't contribute a task for the following configuration:
{
    "type": "typescript",
    "tsconfig": "spring\\tsconfig.json",
    "option": "watch",
    "problemMatcher": [
        "$tsc-watch"
    ],
    "codemix": {
        "lifecycle": "watch",
        "validatedExtensions": [
            "ts"
        ],
        "readyChecks": [
            "node_modules_ready"
        ]
    }
}
The task will be ignored.
